StepCounter-master/app/build/outputs/logs/manifest-merger-debug-report.txt
-- Merging decision tree log ---
manifest
ADDED from src\main\AndroidManifest.xml:2:1-41:12
	package
		ADDED from src\main\AndroidManifest.xml:4:5-33
		INJECTED from src\main\AndroidManifest.xml
		INJECTED from src\main\AndroidManifest.xml
	android:versionName
		ADDED from src\main\AndroidManifest.xml:6:5-30
	xmlns:tools
		ADDED from src\main\AndroidManifest.xml:3:5-51
	android:versionCode
		ADDED from src\main\AndroidManifest.xml:5:5-28
		INJECTED from src\main\AndroidManifest.xml
		INJECTED from src\main\AndroidManifest.xml
	xmlns:android
		ADDED from src\main\AndroidManifest.xml:2:11-69
uses-permission#android.permission.WAKE_LOCK
ADDED from src\main\AndroidManifest.xml:9:5-68
	android:name
		ADDED from src\main\AndroidManifest.xml:9:22-65
application
ADDED from src\main\AndroidManifest.xml:11:5-39:19
	android:label
		ADDED from src\main\AndroidManifest.xml:14:9-41
	android:allowBackup
		ADDED from src\main\AndroidManifest.xml:12:9-35
	android:icon
		ADDED from src\main\AndroidManifest.xml:13:9-45
	android:theme
		ADDED from src\main\AndroidManifest.xml:15:9-40
activity#com.cn.stepcounter.SplashActivity
ADDED from src\main\AndroidManifest.xml:16:9-25:20
	android:screenOrientation
		ADDED from src\main\AndroidManifest.xml:19:13-49
	android:label
		ADDED from src\main\AndroidManifest.xml:18:13-45
	android:name
		ADDED from src\main\AndroidManifest.xml:17:13-61
intent-filter#android.intent.action.MAIN+android.intent.category.LAUNCHER
ADDED from src\main\AndroidManifest.xml:20:13-24:29
action#android.intent.action.MAIN
ADDED from src\main\AndroidManifest.xml:21:17-69
	android:name
		ADDED from src\main\AndroidManifest.xml:21:25-66
category#android.intent.category.LAUNCHER
ADDED from src\main\AndroidManifest.xml:23:17-77
	android:name
		ADDED from src\main\AndroidManifest.xml:23:27-74
activity#com.cn.stepcounter.StepCounterActivity
ADDED from src\main\AndroidManifest.xml:26:9-28:52
	android:screenOrientation
		ADDED from src\main\AndroidManifest.xml:28:13-49
	android:name
		ADDED from src\main\AndroidManifest.xml:27:13-66
activity#com.cn.stepcounter.SettingsActivity
ADDED from src\main\AndroidManifest.xml:29:9-31:52
	android:screenOrientation
		ADDED from src\main\AndroidManifest.xml:31:13-49
	android:name
		ADDED from src\main\AndroidManifest.xml:30:13-63
service#com.cn.stepcounter.StepCounterService
ADDED from src\main\AndroidManifest.xml:33:9-73
	android:name
		ADDED from src\main\AndroidManifest.xml:33:18-70
activity#com.cn.stepcounter.StartActivity
ADDED from src\main\AndroidManifest.xml:35:9-38:20
	android:label
		ADDED from src\main\AndroidManifest.xml:37:13-57
	android:name
		ADDED from src\main\AndroidManifest.xml:36:13-60